<?xml version="1.0" encoding="UTF-8"?>
<coverage generated="1774641936558" clover="3.2.0">
  <project timestamp="1774641936558" name="All files">
    <metrics statements="57" coveredstatements="52" conditionals="33" coveredconditionals="28" methods="10" coveredmethods="10" elements="100" coveredelements="90" complexity="0" loc="57" ncloc="57" packages="2" files="4" classes="4"/>
    <package name="src">
      <metrics statements="30" coveredstatements="28" conditionals="15" coveredconditionals="13" methods="4" coveredmethods="4"/>
      <file name="buildAst.js" path="/home/abvgzxn/frontend-project-46/src/buildAst.js">
        <metrics statements="15" coveredstatements="15" conditionals="10" coveredconditionals="10" methods="2" coveredmethods="2"/>
        <line num="3" count="3" type="stmt"/>
        <line num="4" count="17" type="stmt"/>
        <line num="5" count="17" type="stmt"/>
        <line num="7" count="17" type="stmt"/>
        <line num="8" count="58" type="stmt"/>
        <line num="9" count="58" type="stmt"/>
        <line num="11" count="58" type="cond" truecount="2" falsecount="0"/>
        <line num="12" count="9" type="stmt"/>
        <line num="19" count="49" type="cond" truecount="2" falsecount="0"/>
        <line num="20" count="13" type="stmt"/>
        <line num="27" count="36" type="cond" truecount="4" falsecount="0"/>
        <line num="28" count="8" type="stmt"/>
        <line num="35" count="28" type="cond" truecount="2" falsecount="0"/>
        <line num="36" count="10" type="stmt"/>
        <line num="44" count="18" type="stmt"/>
      </file>
      <file name="index.js" path="/home/abvgzxn/frontend-project-46/src/index.js">
        <metrics statements="7" coveredstatements="6" conditionals="3" coveredconditionals="2" methods="1" coveredmethods="1"/>
        <line num="5" count="3" type="cond" truecount="1" falsecount="0"/>
        <line num="6" count="9" type="stmt"/>
        <line num="7" count="9" type="stmt"/>
        <line num="9" count="9" type="stmt"/>
        <line num="11" count="9" type="cond" truecount="1" falsecount="1"/>
        <line num="12" count="9" type="stmt"/>
        <line num="15" count="0" type="stmt"/>
      </file>
      <file name="parsers.js" path="/home/abvgzxn/frontend-project-46/src/parsers.js">
        <metrics statements="8" coveredstatements="7" conditionals="2" coveredconditionals="1" methods="1" coveredmethods="1"/>
        <line num="5" count="3" type="stmt"/>
        <line num="12" count="18" type="stmt"/>
        <line num="13" count="18" type="stmt"/>
        <line num="14" count="18" type="stmt"/>
        <line num="16" count="18" type="stmt"/>
        <line num="17" count="18" type="cond" truecount="1" falsecount="1"/>
        <line num="18" count="0" type="stmt"/>
        <line num="21" count="18" type="stmt"/>
      </file>
    </package>
    <package name="src.formatters">
      <metrics statements="27" coveredstatements="24" conditionals="18" coveredconditionals="15" methods="6" coveredmethods="6"/>
      <file name="stylish.js" path="/home/abvgzxn/frontend-project-46/src/formatters/stylish.js">
        <metrics statements="27" coveredstatements="24" conditionals="18" coveredconditionals="15" methods="6" coveredmethods="6"/>
        <line num="3" count="90" type="cond" truecount="1" falsecount="0"/>
        <line num="5" count="3" type="stmt"/>
        <line num="6" count="66" type="cond" truecount="2" falsecount="0"/>
        <line num="7" count="52" type="stmt"/>
        <line num="10" count="14" type="stmt"/>
        <line num="11" count="14" type="cond" truecount="1" falsecount="1"/>
        <line num="12" count="0" type="stmt"/>
        <line num="15" count="14" type="stmt"/>
        <line num="16" count="18" type="cond" truecount="2" falsecount="0"/>
        <line num="17" count="18" type="stmt"/>
        <line num="20" count="14" type="stmt"/>
        <line num="23" count="3" type="cond" truecount="1" falsecount="0"/>
        <line num="24" count="16" type="stmt"/>
        <line num="25" count="58" type="stmt"/>
        <line num="27" count="58" type="cond" truecount="5" falsecount="1"/>
        <line num="29" count="8" type="cond" truecount="1" falsecount="1"/>
        <line num="30" count="0" type="stmt"/>
        <line num="32" count="8" type="stmt"/>
        <line num="36" count="13" type="stmt"/>
        <line num="38" count="9" type="stmt"/>
        <line num="40" count="10" type="stmt"/>
        <line num="44" count="18" type="stmt"/>
        <line num="46" count="0" type="stmt"/>
        <line num="50" count="16" type="stmt"/>
        <line num="54" count="9" type="cond" truecount="2" falsecount="0"/>
        <line num="55" count="1" type="stmt"/>
        <line num="57" count="8" type="stmt"/>
      </file>
    </package>
  </project>
</coverage>
