TN:
SF:src/index.js
FN:5,(anonymous_0)
FN:11,(anonymous_1)
FN:24,(anonymous_2)
FNF:3
FNH:3
FNDA:10,(anonymous_0)
FNDA:5,(anonymous_1)
FNDA:13,(anonymous_2)
DA:5,1
DA:6,10
DA:7,10
DA:8,10
DA:11,1
DA:12,5
DA:13,5
DA:15,5
DA:16,5
DA:18,5
DA:19,1
DA:22,4
DA:24,4
DA:25,13
DA:26,13
DA:28,13
DA:29,3
DA:30,10
DA:31,2
DA:32,8
DA:33,1
DA:34,1
DA:36,7
DA:40,4
DA:41,4
LF:25
LH:25
BRDA:18,0,0,1
BRDA:18,0,1,4
BRDA:28,1,0,3
BRDA:28,1,1,10
BRDA:30,2,0,2
BRDA:30,2,1,8
BRDA:32,3,0,1
BRDA:32,3,1,7
BRF:8
BRH:8
end_of_record
