TN:
SF:src/buildAst.js
FN:3,(anonymous_0)
FN:7,(anonymous_1)
FNF:2
FNH:2
FNDA:17,(anonymous_0)
FNDA:58,(anonymous_1)
DA:3,3
DA:4,17
DA:5,17
DA:7,17
DA:8,58
DA:9,58
DA:11,58
DA:12,9
DA:19,49
DA:20,13
DA:27,36
DA:28,8
DA:35,28
DA:36,10
DA:44,18
LF:15
LH:15
BRDA:11,0,0,9
BRDA:11,0,1,49
BRDA:19,1,0,13
BRDA:19,1,1,36
BRDA:27,2,0,8
BRDA:27,2,1,28
BRDA:27,3,0,36
BRDA:27,3,1,10
BRDA:35,4,0,10
BRDA:35,4,1,18
BRF:10
BRH:10
end_of_record
TN:
SF:src/index.js
FN:5,(anonymous_0)
FNF:1
FNH:1
FNDA:9,(anonymous_0)
DA:5,3
DA:6,9
DA:7,9
DA:9,9
DA:11,9
DA:12,9
DA:15,0
LF:7
LH:6
BRDA:5,0,0,9
BRDA:11,1,0,9
BRDA:11,1,1,0
BRF:3
BRH:2
end_of_record
TN:
SF:src/parsers.js
FN:11,(anonymous_0)
FNF:1
FNH:1
FNDA:18,(anonymous_0)
DA:5,3
DA:12,18
DA:13,18
DA:14,18
DA:16,18
DA:17,18
DA:18,0
DA:21,18
LF:8
LH:7
BRDA:17,0,0,0
BRDA:17,0,1,18
BRF:2
BRH:1
end_of_record
TN:
SF:src/formatters/stylish.js
FN:3,(anonymous_0)
FN:5,(anonymous_1)
FN:15,(anonymous_2)
FN:23,(anonymous_3)
FN:24,(anonymous_4)
FN:53,(anonymous_5)
FNF:6
FNH:6
FNDA:90,(anonymous_0)
FNDA:66,(anonymous_1)
FNDA:18,(anonymous_2)
FNDA:16,(anonymous_3)
FNDA:58,(anonymous_4)
FNDA:9,(anonymous_5)
DA:3,90
DA:5,3
DA:6,66
DA:7,52
DA:10,14
DA:11,14
DA:12,0
DA:15,14
DA:16,18
DA:17,18
DA:20,14
DA:23,3
DA:24,16
DA:25,58
DA:27,58
DA:29,8
DA:30,0
DA:32,8
DA:36,13
DA:38,9
DA:40,10
DA:44,18
DA:46,0
DA:50,16
DA:54,9
DA:55,1
DA:57,8
LF:27
LH:24
BRDA:3,0,0,90
BRDA:6,1,0,52
BRDA:6,1,1,14
BRDA:11,2,0,0
BRDA:11,2,1,14
BRDA:16,3,0,6
BRDA:16,3,1,12
BRDA:23,4,0,8
BRDA:27,5,0,8
BRDA:27,5,1,13
BRDA:27,5,2,9
BRDA:27,5,3,10
BRDA:27,5,4,18
BRDA:27,5,5,0
BRDA:29,6,0,0
BRDA:29,6,1,8
BRDA:54,7,0,1
BRDA:54,7,1,8
BRF:18
BRH:15
end_of_record
